2025-11-30 15:40:07,015 [INFO] Activator:176 - 


2025-11-30 15:40:07,022 [INFO] Activator:177 - !SESSION log4j initialized
2025-11-30 15:40:13,072 [INFO] LogOutputStream:77 - [STDOUT_REDIRECT] 
2025-11-30 15:40:13,385 [ERROR] LogOutputStream:75 - [STDERR_REDIRECT] 
2025-11-30 15:40:15,677 [INFO] LogOutputStream:77 - [STDOUT_REDIRECT] 
2025-11-30 15:40:17,406 [INFO] ApplicationProperties:184 - Using Application install path: /Applications/STM32CubeIDE.app/Contents/Eclipse/plugins/com.st.stm32cube.common.mx_6.15.0.202507011659
2025-11-30 15:40:17,426 [INFO] DbMcusXml:78 - Set database path to: /Applications/STM32CubeIDE.app/Contents/Eclipse/plugins/com.st.stm32cube.common.mx_6.15.0.202507011659//db//mcu/
2025-11-30 15:40:17,426 [INFO] ApiDb:274 - Set plugin database path to: /Applications/STM32CubeIDE.app/Contents/Eclipse/plugins/com.st.stm32cube.common.mx_6.15.0.202507011659//db//plugins/boardmanager/
2025-11-30 15:40:17,427 [WARN] ApiDb:259 - Overriding images path with different value:  => /Applications/STM32CubeIDE.app/Contents/Eclipse/plugins/com.st.stm32cube.common.mx_6.15.0.202507011659//db//plugins/mcufinder/images/
2025-11-30 15:40:17,434 [INFO] ApiDb:250 - Set database path to: /Users/crystalhuang/.stmcufinder/plugins/mcufinder//mcu/
2025-11-30 15:40:17,435 [INFO] DbMcusAds:125 - Set database path to: /Users/crystalhuang/.stmcufinder/plugins/mcufinder//mcu/
2025-11-30 15:40:17,437 [INFO] CrossReferenceDbSqlite:203 - Set database path to: /Users/crystalhuang/.stmcufinder/plugins/mcufinder//mcu/cs/
2025-11-30 15:40:17,598 [INFO] RulesReader:64 - Compatibility file has been processed (317 Rules)
2025-11-30 15:40:17,660 [INFO] DbMcusXml:78 - Set database path to: /Applications/STM32CubeIDE.app/Contents/Eclipse/plugins/com.st.stm32cube.common.mx_6.15.0.202507011659//db//mcu/
2025-11-30 15:40:17,660 [INFO] ApiDb:274 - Set plugin database path to: /Applications/STM32CubeIDE.app/Contents/Eclipse/plugins/com.st.stm32cube.common.mx_6.15.0.202507011659//db//plugins/boardmanager/
2025-11-30 15:40:17,660 [INFO] ApiDb:261 - Set plugin images path to: /Applications/STM32CubeIDE.app/Contents/Eclipse/plugins/com.st.stm32cube.common.mx_6.15.0.202507011659//db//plugins/mcufinder/images/
2025-11-30 15:40:17,661 [WARN] DbFile:41 - Overriding database path with different value: /Users/crystalhuang/.stmcufinder/plugins/mcufinder/ => /Users/crystalhuang/.stmcufinder/plugins/mcufinder
2025-11-30 15:40:17,661 [INFO] ApiDb:250 - Set database path to: /Users/crystalhuang/.stmcufinder/plugins/mcufinder//mcu/
2025-11-30 15:40:17,661 [WARN] DbFile:41 - Overriding database path with different value: /Users/crystalhuang/.stmcufinder/plugins/mcufinder/ => /Users/crystalhuang/.stmcufinder/plugins/mcufinder
2025-11-30 15:40:17,661 [INFO] DbMcusAds:125 - Set database path to: /Users/crystalhuang/.stmcufinder/plugins/mcufinder//mcu/
2025-11-30 15:40:17,661 [WARN] DbFile:41 - Overriding database path with different value: /Users/crystalhuang/.stmcufinder/plugins/mcufinder/ => /Users/crystalhuang/.stmcufinder/plugins/mcufinder
2025-11-30 15:40:17,661 [WARN] DbFile:41 - Overriding database path with different value: /Users/crystalhuang/.stmcufinder/plugins/mcufinder/ => /Users/crystalhuang/.stmcufinder/plugins/mcufinder
2025-11-30 15:40:17,661 [INFO] CrossReferenceDbSqlite:203 - Set database path to: /Users/crystalhuang/.stmcufinder/plugins/mcufinder//mcu/cs/
2025-11-30 15:40:17,741 [INFO] MainPanel:274 - HeapMemory: 268435456
2025-11-30 15:40:18,244 [INFO] DbMcusXml:78 - Set database path to: /Applications/STM32CubeIDE.app/Contents/Eclipse/plugins/com.st.stm32cube.common.mx_6.15.0.202507011659//db//mcu/
2025-11-30 15:40:18,244 [INFO] ApiDb:274 - Set plugin database path to: /Applications/STM32CubeIDE.app/Contents/Eclipse/plugins/com.st.stm32cube.common.mx_6.15.0.202507011659//db//plugins/boardmanager/
2025-11-30 15:40:18,244 [INFO] ApiDb:261 - Set plugin images path to: /Applications/STM32CubeIDE.app/Contents/Eclipse/plugins/com.st.stm32cube.common.mx_6.15.0.202507011659//db//plugins/mcufinder/images/
2025-11-30 15:40:18,245 [WARN] DbFile:41 - Overriding database path with different value: /Users/crystalhuang/.stmcufinder/plugins/mcufinder/ => /Users/crystalhuang/.stmcufinder/plugins/mcufinder
2025-11-30 15:40:18,245 [INFO] ApiDb:250 - Set database path to: /Users/crystalhuang/.stmcufinder/plugins/mcufinder//mcu/
2025-11-30 15:40:18,245 [WARN] DbFile:41 - Overriding database path with different value: /Users/crystalhuang/.stmcufinder/plugins/mcufinder/ => /Users/crystalhuang/.stmcufinder/plugins/mcufinder
2025-11-30 15:40:18,245 [INFO] DbMcusAds:125 - Set database path to: /Users/crystalhuang/.stmcufinder/plugins/mcufinder//mcu/
2025-11-30 15:40:18,245 [WARN] DbFile:41 - Overriding database path with different value: /Users/crystalhuang/.stmcufinder/plugins/mcufinder/ => /Users/crystalhuang/.stmcufinder/plugins/mcufinder
2025-11-30 15:40:18,245 [WARN] DbFile:41 - Overriding database path with different value: /Users/crystalhuang/.stmcufinder/plugins/mcufinder/ => /Users/crystalhuang/.stmcufinder/plugins/mcufinder
2025-11-30 15:40:18,245 [INFO] CrossReferenceDbSqlite:203 - Set database path to: /Users/crystalhuang/.stmcufinder/plugins/mcufinder//mcu/cs/
2025-11-30 15:40:18,267 [INFO] ApplicationProperties:184 - Using Application install path: /Applications/STM32CubeIDE.app/Contents/Eclipse/plugins/com.st.stm32cube.common.mx_6.15.0.202507011659
2025-11-30 15:40:18,268 [INFO] PluginManage:196 - Search for loadable plugins [exclusion list=, ]
2025-11-30 15:40:18,269 [INFO] PluginManage:310 - Check plugin analytics
2025-11-30 15:40:18,508 [INFO] AnalyticsPlugin:253 - Accepted Software Licenses: 
2025-11-30 15:40:18,509 [INFO] AnalyticsPlugin:255 - Accepted CMSIS Pack Licenses: 
2025-11-30 15:40:18,509 [INFO] AnalyticsPlugin:257 - Accepted Firmware Licenses: FW.H7.1.11.0,FW.F4.1.28.0
2025-11-30 15:40:18,528 [INFO] PluginManage:359 - Loaded plugin analytics (category:tool,tabindex:-1)
2025-11-30 15:40:18,531 [INFO] PluginManage:310 - Check plugin cadmodel
2025-11-30 15:40:18,546 [INFO] CADModel:105 - Init CAD model plugin
2025-11-30 15:40:18,546 [INFO] PluginManage:359 - Loaded plugin cadmodel (category:power,tabindex:5)
2025-11-30 15:40:18,547 [INFO] PluginManage:310 - Check plugin clock
2025-11-30 15:40:18,557 [INFO] PluginManage:359 - Loaded plugin clock (category:base,tabindex:2)
2025-11-30 15:40:18,558 [INFO] PluginManage:310 - Check plugin ddr
2025-11-30 15:40:18,560 [INFO] PluginManage:359 - Loaded plugin ddr (category:tool,tabindex:6)
2025-11-30 15:40:18,560 [INFO] PluginManage:310 - Check plugin filemanager
2025-11-30 15:40:18,738 [INFO] PluginManage:359 - Loaded plugin filemanager (category:base,tabindex:10)
2025-11-30 15:40:18,738 [INFO] PluginManage:310 - Check plugin ipmanager
2025-11-30 15:40:18,745 [INFO] PluginManage:359 - Loaded plugin ipmanager (category:base,tabindex:5)
2025-11-30 15:40:18,745 [INFO] PluginManage:310 - Check plugin lpbam
2025-11-30 15:40:18,754 [INFO] PluginManage:359 - Loaded plugin lpbam (category:base,tabindex:0)
2025-11-30 15:40:18,754 [INFO] PluginManage:310 - Check plugin memorymap
2025-11-30 15:40:18,765 [INFO] PluginManage:359 - Loaded plugin memorymap (category:base,tabindex:4)
2025-11-30 15:40:18,765 [INFO] PluginManage:310 - Check plugin pinoutandconfiguration
2025-11-30 15:40:18,772 [INFO] PluginManage:359 - Loaded plugin pinoutandconfiguration (category:base,tabindex:1)
2025-11-30 15:40:18,773 [INFO] PluginManage:310 - Check plugin pinoutconfig
2025-11-30 15:40:18,882 [WARN] SupportedApi:132 - Cannot load RTOS API schema: s4s-elt-must-match.1: The content of 'definitions' must match (annotation?, (simpleType | complexType)?, (unique | key | keyref)*)). A problem was found starting at: attribute.
2025-11-30 15:40:19,034 [INFO] PluginManage:359 - Loaded plugin pinoutconfig (category:base,tabindex:0)
2025-11-30 15:40:19,034 [INFO] PluginManage:310 - Check plugin power
2025-11-30 15:40:19,046 [INFO] PluginManage:359 - Loaded plugin power (category:power,tabindex:4)
2025-11-30 15:40:19,047 [INFO] PluginManage:310 - Check plugin projectmanager
2025-11-30 15:40:19,080 [INFO] PluginManage:359 - Loaded plugin projectmanager (category:projectmanager,tabindex:4)
2025-11-30 15:40:19,080 [INFO] PluginManage:310 - Check plugin rif
2025-11-30 15:40:19,090 [INFO] PluginManage:359 - Loaded plugin rif (category:base,tabindex:3)
2025-11-30 15:40:19,090 [INFO] PluginManage:310 - Check plugin thirdparty
2025-11-30 15:40:19,286 [INFO] PluginManage:359 - Loaded plugin thirdparty (category:base,tabindex:-1)
2025-11-30 15:40:19,286 [WARN] IntegrityCheckThread:84 - waiting for thirdparty lock release [integrity check]
2025-11-30 15:40:19,287 [INFO] PluginManage:310 - Check plugin tools
2025-11-30 15:40:19,287 [INFO] IntegrityCheckThread:86 - entering critical section [integrity check]
2025-11-30 15:40:19,288 [INFO] ThirdPartyUpdaterWithRetryManager:70 - Updater plugin not ready yet. [1/15]
2025-11-30 15:40:19,295 [INFO] PluginManage:359 - Loaded plugin tools (category:base,tabindex:7)
2025-11-30 15:40:19,295 [INFO] PluginManage:310 - Check plugin tutovideos
2025-11-30 15:40:19,530 [INFO] PluginManage:359 - Loaded plugin tutovideos (category:base,tabindex:-1)
2025-11-30 15:40:19,530 [INFO] PluginManage:310 - Check plugin updater
2025-11-30 15:40:19,566 [INFO] PluginManage:359 - Loaded plugin updater (category:base,tabindex:12)
2025-11-30 15:40:19,566 [INFO] PluginManage:310 - Check plugin userauth
2025-11-30 15:40:19,571 [INFO] UserAuth:118 - Init User Auth plugin
2025-11-30 15:40:19,573 [INFO] PluginManage:359 - Loaded plugin userauth (category:base,tabindex:14)
2025-11-30 15:40:19,573 [INFO] PluginManage:283 - PluginManage : Loaded plugins [18]
2025-11-30 15:40:19,850 [INFO] PinOutPanel:1589 - setPackage(No Configuration,No Configuration)
2025-11-30 15:40:19,931 [INFO] CADModel:165 - CPN selected for project level
2025-11-30 15:40:19,931 [INFO] CADModel:114 - Register for checkConnection events
2025-11-30 15:40:19,944 [INFO] IPUIPlugin:80 - create IPUIPlugin
2025-11-30 15:40:19,944 [INFO] PluginManager:220 - loadIPPluginJar : add mdma
2025-11-30 15:40:19,950 [INFO] IPUIPlugin:80 - create IPUIPlugin
2025-11-30 15:40:19,950 [INFO] PluginManager:220 - loadIPPluginJar : add freertos
2025-11-30 15:40:19,955 [INFO] IPUIPlugin:80 - create IPUIPlugin
2025-11-30 15:40:19,955 [INFO] PluginManager:220 - loadIPPluginJar : add gic
2025-11-30 15:40:19,963 [INFO] IPUIPlugin:80 - create IPUIPlugin
2025-11-30 15:40:19,963 [INFO] PluginManager:220 - loadIPPluginJar : add adc
2025-11-30 15:40:19,965 [INFO] IPUIPlugin:80 - create IPUIPlugin
2025-11-30 15:40:19,965 [INFO] PluginManager:220 - loadIPPluginJar : add gtzc
2025-11-30 15:40:19,966 [INFO] IPUIPlugin:80 - create IPUIPlugin
2025-11-30 15:40:19,966 [INFO] PluginManager:220 - loadIPPluginJar : add quadspi
2025-11-30 15:40:19,969 [INFO] IPUIPlugin:80 - create IPUIPlugin
2025-11-30 15:40:19,969 [INFO] PluginManager:220 - loadIPPluginJar : add aes
2025-11-30 15:40:19,971 [INFO] IPUIPlugin:80 - create IPUIPlugin
2025-11-30 15:40:19,971 [INFO] PluginManager:220 - loadIPPluginJar : add pdm2pcm
2025-11-30 15:40:19,972 [INFO] IPUIPlugin:80 - create IPUIPlugin
2025-11-30 15:40:19,973 [INFO] PluginManager:220 - loadIPPluginJar : add hash
2025-11-30 15:40:19,974 [INFO] IPUIPlugin:80 - create IPUIPlugin
2025-11-30 15:40:19,974 [INFO] PluginManager:220 - loadIPPluginJar : add tim
2025-11-30 15:40:19,975 [INFO] IPUIPlugin:80 - create IPUIPlugin
2025-11-30 15:40:19,976 [INFO] PluginManager:220 - loadIPPluginJar : add tsc
2025-11-30 15:40:19,977 [INFO] IPUIPlugin:80 - create IPUIPlugin
2025-11-30 15:40:19,978 [INFO] PluginManager:220 - loadIPPluginJar : add extmemmanager
2025-11-30 15:40:19,979 [INFO] IPUIPlugin:80 - create IPUIPlugin
2025-11-30 15:40:19,979 [INFO] PluginManager:220 - loadIPPluginJar : add ts
2025-11-30 15:40:19,981 [INFO] IPUIPlugin:80 - create IPUIPlugin
2025-11-30 15:40:19,981 [INFO] PluginManager:220 - loadIPPluginJar : add radio
2025-11-30 15:40:19,982 [INFO] IPUIPlugin:80 - create IPUIPlugin
2025-11-30 15:40:19,983 [INFO] PluginManager:220 - loadIPPluginJar : add can
2025-11-30 15:40:19,984 [INFO] IPUIPlugin:80 - create IPUIPlugin
2025-11-30 15:40:19,984 [INFO] PluginManager:220 - loadIPPluginJar : add dma3
2025-11-30 15:40:19,986 [INFO] IPUIPlugin:80 - create IPUIPlugin
2025-11-30 15:40:19,986 [INFO] PluginManager:220 - loadIPPluginJar : add dfsdm
2025-11-30 15:40:19,988 [INFO] IPUIPlugin:80 - create IPUIPlugin
2025-11-30 15:40:19,988 [INFO] PluginManager:220 - loadIPPluginJar : add spi
2025-11-30 15:40:19,989 [INFO] IPUIPlugin:80 - create IPUIPlugin
2025-11-30 15:40:19,989 [INFO] PluginManager:220 - loadIPPluginJar : add gfxmmu
2025-11-30 15:40:19,991 [INFO] IPUIPlugin:80 - create IPUIPlugin
2025-11-30 15:40:19,991 [INFO] PluginManager:220 - loadIPPluginJar : add genericplugin
2025-11-30 15:40:19,993 [INFO] IPUIPlugin:80 - create IPUIPlugin
2025-11-30 15:40:19,993 [INFO] PluginManager:220 - loadIPPluginJar : add cryp
2025-11-30 15:40:19,996 [INFO] IPUIPlugin:80 - create IPUIPlugin
2025-11-30 15:40:19,996 [INFO] PluginManager:220 - loadIPPluginJar : add gpio
2025-11-30 15:40:19,998 [INFO] IPUIPlugin:80 - create IPUIPlugin
2025-11-30 15:40:19,999 [INFO] PluginManager:220 - loadIPPluginJar : add ddr_ctrl_phy
2025-11-30 15:40:20,000 [INFO] IPUIPlugin:80 - create IPUIPlugin
2025-11-30 15:40:20,000 [INFO] PluginManager:220 - loadIPPluginJar : add comp
2025-11-30 15:40:20,002 [INFO] IPUIPlugin:80 - create IPUIPlugin
2025-11-30 15:40:20,003 [INFO] PluginManager:220 - loadIPPluginJar : add tracer_emb
2025-11-30 15:40:20,004 [INFO] IPUIPlugin:80 - create IPUIPlugin
2025-11-30 15:40:20,004 [INFO] PluginManager:220 - loadIPPluginJar : add openamp
2025-11-30 15:40:20,009 [INFO] IPUIPlugin:80 - create IPUIPlugin
2025-11-30 15:40:20,009 [INFO] PluginManager:220 - loadIPPluginJar : add stm32_wpan
2025-11-30 15:40:20,013 [INFO] IPUIPlugin:80 - create IPUIPlugin
2025-11-30 15:40:20,016 [INFO] PluginManager:220 - loadIPPluginJar : add plateformsettings
2025-11-30 15:40:20,018 [INFO] IPUIPlugin:80 - create IPUIPlugin
2025-11-30 15:40:20,018 [INFO] PluginManager:220 - loadIPPluginJar : add ipddr
2025-11-30 15:40:20,020 [INFO] IPUIPlugin:80 - create IPUIPlugin
2025-11-30 15:40:20,020 [INFO] PluginManager:220 - loadIPPluginJar : add usart
2025-11-30 15:40:20,021 [INFO] IPUIPlugin:80 - create IPUIPlugin
2025-11-30 15:40:20,021 [INFO] PluginManager:220 - loadIPPluginJar : add ltdc
2025-11-30 15:40:20,023 [INFO] IPUIPlugin:80 - create IPUIPlugin
2025-11-30 15:40:20,023 [INFO] PluginManager:220 - loadIPPluginJar : add nvic
2025-11-30 15:40:20,024 [INFO] IPUIPlugin:80 - create IPUIPlugin
2025-11-30 15:40:20,025 [INFO] PluginManager:220 - loadIPPluginJar : add fatfs
2025-11-30 15:40:20,030 [INFO] IPUIPlugin:80 - create IPUIPlugin
2025-11-30 15:40:20,030 [INFO] PluginManager:220 - loadIPPluginJar : add linkedlist
2025-11-30 15:40:20,035 [INFO] IPUIPlugin:80 - create IPUIPlugin
2025-11-30 15:40:20,035 [INFO] PluginManager:220 - loadIPPluginJar : add dma
2025-11-30 15:40:20,038 [INFO] IPUIPlugin:80 - create IPUIPlugin
2025-11-30 15:40:20,038 [INFO] PluginManager:220 - loadIPPluginJar : add fmc
2025-11-30 15:40:20,039 [INFO] IPUIPlugin:80 - create IPUIPlugin
2025-11-30 15:40:20,039 [INFO] PluginManager:220 - loadIPPluginJar : add i2s
2025-11-30 15:40:20,041 [INFO] IPUIPlugin:80 - create IPUIPlugin
2025-11-30 15:40:20,041 [INFO] PluginManager:220 - loadIPPluginJar : add ucpd
2025-11-30 15:40:20,042 [INFO] IPUIPlugin:80 - create IPUIPlugin
2025-11-30 15:40:20,042 [INFO] PluginManager:220 - loadIPPluginJar : add lorawan
2025-11-30 15:40:20,044 [INFO] IPUIPlugin:80 - create IPUIPlugin
2025-11-30 15:40:20,044 [INFO] PluginManager:220 - loadIPPluginJar : add opamp
2025-11-30 15:40:20,046 [INFO] IPUIPlugin:80 - create IPUIPlugin
2025-11-30 15:40:20,047 [INFO] PluginManager:220 - loadIPPluginJar : add i3c
2025-11-30 15:40:20,049 [INFO] IPUIPlugin:80 - create IPUIPlugin
2025-11-30 15:40:20,050 [INFO] PluginManager:220 - loadIPPluginJar : add touchsensing
2025-11-30 15:40:20,052 [INFO] IPUIPlugin:80 - create IPUIPlugin
2025-11-30 15:40:20,052 [INFO] PluginManager:220 - loadIPPluginJar : add i2c
2025-11-30 15:40:20,055 [INFO] IPUIPlugin:80 - create IPUIPlugin
2025-11-30 15:40:20,055 [INFO] PluginManager:220 - loadIPPluginJar : add resmgrutility
2025-11-30 15:40:20,057 [INFO] IPUIPlugin:80 - create IPUIPlugin
2025-11-30 15:40:20,057 [INFO] PluginManager:220 - loadIPPluginJar : add sai
2025-11-30 15:40:20,059 [INFO] IPUIPlugin:80 - create IPUIPlugin
2025-11-30 15:40:20,060 [INFO] PluginManager:220 - loadIPPluginJar : add usbx
2025-11-30 15:40:20,178 [FATAL] Updater:351 - Updater called before beeing initialized
2025-11-30 15:40:20,238 [INFO] RulesReader:64 - Compatibility file has been processed (317 Rules)
2025-11-30 15:40:20,253 [INFO] RulesReader:64 - Compatibility file has been processed (317 Rules)
2025-11-30 15:40:20,266 [INFO] CADModel:165 - CPN selected for project level
2025-11-30 15:40:20,266 [INFO] CADModel:114 - Register for checkConnection events
2025-11-30 15:40:20,266 [FATAL] Updater:351 - Updater called before beeing initialized
2025-11-30 15:40:20,266 [ERROR] CADModel:125 - Updater not yet initialized, retry later 
2025-11-30 15:40:20,540 [FATAL] Updater:351 - Updater called before beeing initialized
2025-11-30 15:40:20,542 [INFO] CADModel:165 - CPN selected for project level
2025-11-30 15:40:20,542 [INFO] CADModel:114 - Register for checkConnection events
2025-11-30 15:40:20,542 [FATAL] Updater:351 - Updater called before beeing initialized
2025-11-30 15:40:20,542 [ERROR] CADModel:125 - Updater not yet initialized, retry later 
2025-11-30 15:40:20,545 [FATAL] Updater:351 - Updater called before beeing initialized
2025-11-30 15:40:20,722 [FATAL] Updater:351 - Updater called before beeing initialized
2025-11-30 15:40:20,728 [INFO] DbMcusAds:53 - JSON generation date=Mon Nov 10 05:43:01 EST 2025 (1762771381096)
2025-11-30 15:40:20,729 [FATAL] Updater:351 - Updater called before beeing initialized
2025-11-30 15:40:20,974 [WARN] DetailPanel:346 - Failed to get advertising image, set to default
2025-11-30 15:40:21,057 [FATAL] Updater:351 - Updater called before beeing initialized
2025-11-30 15:40:21,061 [FATAL] Updater:351 - Updater called before beeing initialized
2025-11-30 15:40:21,062 [FATAL] Updater:351 - Updater called before beeing initialized
2025-11-30 15:40:21,063 [WARN] DetailPanel:346 - Failed to get advertising image, set to default
2025-11-30 15:40:21,066 [FATAL] Updater:351 - Updater called before beeing initialized
2025-11-30 15:40:21,127 [ERROR] Updater:1198 - MainUpdater not yet initialized. External WinMGr cannot be set.
2025-11-30 15:40:21,132 [INFO] Updater:1134 - Updater Version found : 6.15.0
2025-11-30 15:40:21,147 [INFO] ApplicationProperties:184 - Using Application install path: /Applications/STM32CubeIDE.app/Contents/Eclipse/plugins/com.st.stm32cube.common.mx_6.15.0.202507011659
2025-11-30 15:40:21,876 [INFO] MainUpdater:2872 - connection check result : 10
2025-11-30 15:40:21,877 [INFO] MainUpdater:289 - Updater Check For Update Now.
2025-11-30 15:40:21,878 [INFO] MicroXplorer:498 - Change Database Version : DB.6.0.150
2025-11-30 15:40:21,886 [INFO] McuFinderGlobals:63 - Set McuFinder mode to 2 (CubeIDE integrated)
2025-11-30 15:40:21,890 [INFO] UserAuth:487 - Internet connection configuration mode: 1
2025-11-30 15:40:21,917 [INFO] JxBrowserEngine:152 - Initiate JxBrowser Engine with user profile folder
2025-11-30 15:40:22,148 [INFO] CheckServerUpdateThread:120 - End of CheckServer Thread
2025-11-30 15:40:22,501 [WARN] PackLoader:240 - Cannot read IP mode file for STMicroelectronics.FP-SNS-MOTENVWB1.1.4.0
2025-11-30 15:40:22,527 [WARN] PackLoader:240 - Cannot read IP mode file for STMicroelectronics.FP-ATR-ASTRA1.2.0.2
2025-11-30 15:40:22,552 [WARN] PackLoader:240 - Cannot read IP mode file for STMicroelectronics.X-CUBE-SMBUS.2.1.0
2025-11-30 15:40:22,568 [WARN] PackLoader:240 - Cannot read IP mode file for STMicroelectronics.X-CUBE-WB05N.1.1.0
2025-11-30 15:40:22,625 [WARN] PackLoader:240 - Cannot read IP mode file for STMicroelectronics.X-CUBE-AZRTOS-F7.1.1.0
2025-11-30 15:40:22,834 [WARN] PackLoader:240 - Cannot read IP mode file for STMicroelectronics.X-CUBE-MEMS1.11.0.0
2025-11-30 15:40:23,023 [WARN] PackLoader:240 - Cannot read IP mode file for STMicroelectronics.FP-SNS-MOTENV1.5.1.0
2025-11-30 15:40:23,030 [WARN] PackLoader:240 - Cannot read IP mode file for STMicroelectronics.FP-SNS-FLIGHT1.5.0.2
2025-11-30 15:40:23,075 [WARN] PackLoader:240 - Cannot read IP mode file for STMicroelectronics.X-CUBE-AZRTOS-H7.3.4.0
2025-11-30 15:40:23,101 [WARN] PackLoader:240 - Cannot read IP mode file for STMicroelectronics.X-CUBE-DISPLAY.3.0.0
2025-11-30 15:40:23,128 [WARN] PackLoader:240 - Cannot read IP mode file for STMicroelectronics.X-CUBE-BLE1.7.0.0
2025-11-30 15:40:23,140 [WARN] PackLoader:240 - Cannot read IP mode file for STMicroelectronics.X-CUBE-NFC10.1.0.0
2025-11-30 15:40:23,148 [WARN] PackLoader:240 - Cannot read IP mode file for STMicroelectronics.X-CUBE-ST60.1.1.0
2025-11-30 15:40:23,162 [WARN] PackLoader:240 - Cannot read IP mode file for emotas.I-CUBE-CANOPEN.1.3.0
2025-11-30 15:40:23,171 [WARN] PackLoader:240 - Cannot read IP mode file for STMicroelectronics.X-CUBE-GNSS1.7.1.0
2025-11-30 15:40:23,593 [WARN] PackLoader:240 - Cannot read IP mode file for STMicroelectronics.X-CUBE-BLEMGR.3.1.0
2025-11-30 15:40:23,664 [WARN] PackLoader:240 - Cannot read IP mode file for STMicroelectronics.FP-SNS-STBOX1.2.1.0
2025-11-30 15:40:23,682 [WARN] PackLoader:240 - Cannot read IP mode file for STMicroelectronics.FP-SNS-SMARTAG2.1.2.0
2025-11-30 15:40:23,688 [WARN] PackLoader:240 - Cannot read IP mode file for STMicroelectronics.FP-SNS-FLIGHT1.5.1.0
2025-11-30 15:40:23,715 [INFO] LogOutputStream:77 - [STDOUT_REDIRECT] 1 : Invalid condition id : UX_CORESTACK_Condition cause : null
2025-11-30 15:40:23,724 [INFO] LogOutputStream:77 - [STDOUT_REDIRECT] 1 : Invalid condition id : UX_CORESTACK_Condition cause : null
2025-11-30 15:40:23,725 [INFO] LogOutputStream:77 - [STDOUT_REDIRECT] 1 : Invalid condition id : UX_CORESTACK_Condition cause : null
2025-11-30 15:40:23,725 [INFO] LogOutputStream:77 - [STDOUT_REDIRECT] 1 : Invalid condition id : UX_CORESTACK_Condition cause : null
2025-11-30 15:40:23,725 [INFO] LogOutputStream:77 - [STDOUT_REDIRECT] 1 : Invalid condition id : UX_CORESTACK_Condition cause : null
2025-11-30 15:40:23,732 [WARN] PackLoader:240 - Cannot read IP mode file for STMicroelectronics.X-CUBE-AZRTOS-WL.2.0.0
2025-11-30 15:40:23,746 [WARN] PackLoader:240 - Cannot read IP mode file for STMicroelectronics.FP-SNS-MOTENV1.5.0.0
2025-11-30 15:40:23,779 [WARN] PackLoader:240 - Cannot read IP mode file for STMicroelectronics.X-CUBE-AZRTOS-H7RS.1.2.0
2025-11-30 15:40:23,834 [WARN] PackLoader:240 - Cannot read IP mode file for wolfSSL.I-CUBE-wolfMQTT.1.19.0
2025-11-30 15:40:23,873 [WARN] PackLoader:240 - Cannot read IP mode file for WES.I-CUBE-Cesium.1.3.0
2025-11-30 15:40:23,887 [WARN] PackLoader:240 - Cannot read IP mode file for STMicroelectronics.X-CUBE-BLE2.3.3.0
2025-11-30 15:40:23,977 [WARN] PackLoader:240 - Cannot read IP mode file for STMicroelectronics.X-CUBE-NFC9.1.0.0
2025-11-30 15:40:23,995 [WARN] PackLoader:240 - Cannot read IP mode file for STMicroelectronics.X-CUBE-BLE1.7.1.0
2025-11-30 15:40:24,002 [WARN] PackLoader:240 - Cannot read IP mode file for STMicroelectronics.X-CUBE-TCPP.4.1.0
2025-11-30 15:40:24,017 [WARN] PackLoader:240 - Cannot read IP mode file for STMicroelectronics.X-CUBE-FREERTOS.1.4.0
2025-11-30 15:40:24,024 [WARN] PackLoader:240 - Cannot read IP mode file for STMicroelectronics.X-CUBE-EEPRMA1.5.2.0
2025-11-30 15:40:24,033 [WARN] PackLoader:240 - Cannot read IP mode file for STMicroelectronics.X-CUBE-ST67W61.1.1.0
2025-11-30 15:40:24,128 [WARN] PackLoader:240 - Cannot read IP mode file for STMicroelectronics.X-CUBE-MEMS1.12.0.0
2025-11-30 15:40:24,276 [WARN] PackLoader:240 - Cannot read IP mode file for STMicroelectronics.X-CUBE-AZRTOS-G0.1.1.0
2025-11-30 15:40:24,292 [WARN] PackLoader:240 - Cannot read IP mode file for STMicroelectronics.X-CUBE-SAFEA1.1.2.2
2025-11-30 15:40:24,301 [WARN] PackLoader:240 - Cannot read IP mode file for STMicroelectronics.X-CUBE-NFC4.3.0.0
2025-11-30 15:40:24,316 [WARN] PackLoader:240 - Cannot read IP mode file for EmbeddedOffice.I-CUBE-FS-RTOS.1.0.1
2025-11-30 15:40:24,328 [WARN] PackLoader:240 - Cannot read IP mode file for STMicroelectronics.X-CUBE-WB05N.2.0.0
2025-11-30 15:40:24,336 [WARN] PackLoader:240 - Cannot read IP mode file for STMicroelectronics.X-CUBE-TCPP.4.2.0
2025-11-30 15:40:24,341 [WARN] PackLoader:240 - Cannot read IP mode file for RealThread.X-CUBE-RT-Thread_Nano.4.1.1
2025-11-30 15:40:24,347 [WARN] PackLoader:240 - Cannot read IP mode file for STMicroelectronics.FP-ATR-SIGFOX1.3.2.0
2025-11-30 15:40:24,351 [WARN] PackLoader:240 - Cannot read IP mode file for wolfSSL.I-CUBE-wolfSSL.5.7.2
2025-11-30 15:40:24,363 [WARN] PackLoader:240 - Cannot read IP mode file for STMicroelectronics.X-CUBE-EEPRMA1.5.1.0
2025-11-30 15:40:24,369 [WARN] PackLoader:240 - Cannot read IP mode file for ITTIA_DB.I-CUBE-ITTIADB.8.9.0
2025-11-30 15:40:24,374 [WARN] PackLoader:240 - Cannot read IP mode file for STMicroelectronics.X-CUBE-AI.10.2.0
2025-11-30 15:40:24,428 [WARN] PackLoader:240 - Cannot read IP mode file for SEGGER.I-CUBE-embOS.1.3.1
2025-11-30 15:40:24,470 [WARN] PackLoader:240 - Cannot read IP mode file for STMicroelectronics.X-CUBE-ALGOBUILD.1.4.0
2025-11-30 15:40:24,558 [WARN] PackLoader:240 - Cannot read IP mode file for STMicroelectronics.X-CUBE-MEMS1.11.3.0
2025-11-30 15:40:24,672 [WARN] PackLoader:240 - Cannot read IP mode file for STMicroelectronics.X-CUBE-AI.9.1.0
2025-11-30 15:40:24,678 [WARN] PackLoader:240 - Cannot read IP mode file for STMicroelectronics.X-CUBE-PM33A1.1.0.0
2025-11-30 15:40:24,702 [WARN] PackLoader:240 - Cannot read IP mode file for STMicroelectronics.X-CUBE-AZRTOS-F4.1.1.0
2025-11-30 15:40:24,717 [WARN] PackLoader:240 - Cannot read IP mode file for STMicroelectronics.X-CUBE-ISPU.2.1.0
2025-11-30 15:40:24,730 [WARN] PackLoader:240 - Cannot read IP mode file for STMicroelectronics.X-CUBE-IPS.3.2.0
2025-11-30 15:40:24,752 [WARN] PackLoader:240 - Cannot read IP mode file for STMicroelectronics.X-CUBE-FREERTOS.1.2.0
2025-11-30 15:40:24,767 [WARN] PackLoader:240 - Cannot read IP mode file for STMicroelectronics.X-CUBE-NFC12.1.0.0
2025-11-30 15:40:25,084 [WARN] PackLoader:240 - Cannot read IP mode file for STMicroelectronics.X-CUBE-AZRTOS-L5.2.0.0
2025-11-30 15:40:25,231 [WARN] PackLoader:240 - Cannot read IP mode file for STMicroelectronics.X-CUBE-NFC6.3.1.0
2025-11-30 15:40:25,253 [WARN] PackLoader:240 - Cannot read IP mode file for STMicroelectronics.X-CUBE-DPower.1.2.0
2025-11-30 15:40:25,259 [WARN] PackLoader:240 - Cannot read IP mode file for STMicroelectronics.X-CUBE-AI.9.0.0
2025-11-30 15:40:25,264 [WARN] PackLoader:240 - Cannot read IP mode file for STMicroelectronics.X-CUBE-FREERTOS.1.3.1
2025-11-30 15:40:25,270 [WARN] PackLoader:240 - Cannot read IP mode file for STMicroelectronics.X-CUBE-NFC7.1.0.1
2025-11-30 15:40:25,286 [WARN] PackLoader:240 - Cannot read IP mode file for STMicroelectronics.X-CUBE-TOUCHGFX.4.26.0
2025-11-30 15:40:25,291 [WARN] PackLoader:240 - Cannot read IP mode file for STMicroelectronics.FP-SNS-STAIOTCFT.1.0.0
2025-11-30 15:40:25,297 [WARN] PackLoader:240 - Cannot read IP mode file for STMicroelectronics.X-CUBE-DPower.1.3.0
2025-11-30 15:40:25,319 [WARN] ConditionMgr:438 - getConditionDescription Invalid condition id : LAN8742 Phy interface Condition cause : null
2025-11-30 15:40:25,321 [WARN] PackLoader:240 - Cannot read IP mode file for STMicroelectronics.X-CUBE-AZRTOS-L4.2.0.0
2025-11-30 15:40:25,324 [WARN] ConditionMgr:1044 - genDependencies : Invalid condition id : LAN8742 Phy interface Condition cause : null
2025-11-30 15:40:25,325 [WARN] ConditionMgr:1044 - genDependencies : Invalid condition id : LAN8742 Phy interface Condition cause : null
2025-11-30 15:40:25,327 [WARN] ConditionMgr:1044 - genDependencies : Invalid condition id : LAN8742 Phy interface Condition cause : null
2025-11-30 15:40:25,335 [WARN] PackLoader:240 - Cannot read IP mode file for STMicroelectronics.X-CUBE-SFXS2LP1.4.0.0
2025-11-30 15:40:25,361 [WARN] PackLoader:240 - Cannot read IP mode file for STMicroelectronics.X-CUBE-AZRTOS-H7.3.3.0
2025-11-30 15:40:25,395 [WARN] PackLoader:240 - Cannot read IP mode file for STMicroelectronics.X-CUBE-BLEMGR.4.1.0
2025-11-30 15:40:25,431 [WARN] PackLoader:240 - Cannot read IP mode file for STMicroelectronics.X-CUBE-IPS.3.0.0
2025-11-30 15:40:25,455 [WARN] ConditionMgr:438 - getConditionDescription Invalid condition id : UX DEVICE CLASS RTOS Condition cause : null
2025-11-30 15:40:25,455 [WARN] ConditionMgr:438 - getConditionDescription Invalid condition id : UX DEVICE CLASS RTOS Condition cause : null
2025-11-30 15:40:25,459 [WARN] PackLoader:240 - Cannot read IP mode file for STMicroelectronics.X-CUBE-AZRTOS-WB.2.0.0
2025-11-30 15:40:25,461 [WARN] ConditionMgr:1044 - genDependencies : Invalid condition id : UX DEVICE CLASS RTOS Condition cause : null
2025-11-30 15:40:25,461 [WARN] ConditionMgr:1044 - genDependencies : Invalid condition id : UX DEVICE CLASS RTOS Condition cause : null
2025-11-30 15:40:25,462 [WARN] ConditionMgr:1044 - genDependencies : Invalid condition id : UX DEVICE CLASS RTOS Condition cause : null
2025-11-30 15:40:25,463 [WARN] ConditionMgr:1044 - genDependencies : Invalid condition id : UX DEVICE CLASS RTOS Condition cause : null
2025-11-30 15:40:25,463 [WARN] ConditionMgr:1044 - genDependencies : Invalid condition id : UX DEVICE CLASS RTOS Condition cause : null
2025-11-30 15:40:25,471 [WARN] PackLoader:240 - Cannot read IP mode file for STMicroelectronics.X-CUBE-GNSS1.7.0.0
2025-11-30 15:40:25,483 [WARN] PackLoader:240 - Cannot read IP mode file for STMicroelectronics.X-CUBE-GNSS1.7.0.1
2025-11-30 15:40:25,497 [WARN] PackLoader:240 - Cannot read IP mode file for STMicroelectronics.FP-SNS-STBOX1.2.0.0
2025-11-30 15:40:25,502 [WARN] ConditionMgr:438 - getConditionDescription Invalid condition id : Cortex-A Device cause : null
2025-11-30 15:40:25,529 [WARN] ConditionMgr:1044 - genDependencies : Invalid condition id : Cortex-A Device cause : null
2025-11-30 15:40:25,529 [WARN] ConditionMgr:1044 - genDependencies : Invalid condition id : Cortex-A Device cause : null
2025-11-30 15:40:25,529 [WARN] ConditionMgr:1044 - genDependencies : Invalid condition id : Cortex-A Device cause : null
2025-11-30 15:40:25,543 [WARN] PackLoader:240 - Cannot read IP mode file for STMicroelectronics.X-CUBE-SUBG2.5.0.0
2025-11-30 15:40:25,570 [WARN] PackLoader:240 - Cannot read IP mode file for STMicroelectronics.X-CUBE-AZRTOS-H7RS.1.1.0
2025-11-30 15:40:25,591 [WARN] PackLoader:240 - Cannot read IP mode file for Cesanta.I-CUBE-Mongoose.7.13.0
2025-11-30 15:40:25,608 [WARN] PackLoader:240 - Cannot read IP mode file for STMicroelectronics.X-CUBE-AZRTOS-G4.2.0.0
2025-11-30 15:40:25,619 [WARN] PackLoader:240 - Cannot read IP mode file for STMicroelectronics.X-CUBE-NFC7.2.0.0
2025-11-30 15:40:25,624 [WARN] PackLoader:240 - Cannot read IP mode file for STMicroelectronics.X-CUBE-ALS.1.0.2
2025-11-30 15:40:25,627 [WARN] PackLoader:240 - Cannot read IP mode file for STMicroelectronics.X-CUBE-TOUCHGFX.4.24.1
2025-11-30 15:40:25,633 [WARN] PackLoader:240 - Cannot read IP mode file for STMicroelectronics.X-CUBE-STSE01.1.0.0
2025-11-30 15:40:25,648 [WARN] PackLoader:240 - Cannot read IP mode file for wolfSSL.I-CUBE-wolfTPM.3.4.0
2025-11-30 15:40:25,656 [WARN] PackLoader:240 - Cannot read IP mode file for portGmbH.I-Cube-SoM-uGOAL.1.1.0
2025-11-30 15:40:25,679 [WARN] PackLoader:240 - Cannot read IP mode file for STMicroelectronics.X-CUBE-AZRTOS-H7RS.1.0.0
2025-11-30 15:40:25,686 [WARN] PackLoader:240 - Cannot read IP mode file for STMicroelectronics.FP-ATR-ASTRA1.2.0.0
2025-11-30 15:40:25,698 [WARN] PackLoader:240 - Cannot read IP mode file for STMicroelectronics.X-CUBE-TOF1.3.4.2
2025-11-30 15:40:25,718 [WARN] PackLoader:240 - Cannot read IP mode file for STMicroelectronics.X-CUBE-TOF1.3.4.3
2025-11-30 15:40:25,754 [WARN] PackLoader:240 - Cannot read IP mode file for Infineon.AIROC-Wi-Fi-Bluetooth-STM32.1.6.1
2025-11-30 15:40:25,764 [WARN] PackLoader:240 - Cannot read IP mode file for wolfSSL.I-CUBE-wolfSSH.1.4.17
2025-11-30 15:40:25,777 [INFO] ThirdParty:978 - Integrity check success = true
2025-11-30 15:40:25,777 [INFO] IntegrityCheckThread:100 - exiting critical section [integrity check]
2025-11-30 15:40:25,777 [INFO] IntegrityCheckThread:103 - End integrity checks thread
2025-11-30 15:40:28,833 [INFO] WebApp:169 - Instantiating new browser for Auth
2025-11-30 15:40:30,855 [INFO] WebApp:463 - Apply proxy settings
2025-11-30 15:40:30,878 [INFO] WebApp:508 - Chromium authenticates against Manually configured proxy
2025-11-30 15:40:30,900 [INFO] WebApp:516 - Username used for proxy authentication: 
2025-11-30 15:40:30,960 [INFO] WebApp:900 - Register for checkConnection events
2025-11-30 15:40:30,961 [INFO] WebApp:463 - Apply proxy settings
2025-11-30 15:40:30,965 [INFO] WebApp:508 - Chromium authenticates against Manually configured proxy
2025-11-30 15:40:30,966 [INFO] WebApp:516 - Username used for proxy authentication: 
2025-11-30 15:40:31,219 [INFO] WebApp:225 - Starting web application
2025-11-30 15:40:31,219 [INFO] WebApp:593 - Web application path used /Applications/STM32CubeIDE.app/Contents/Eclipse/plugins/com.st.stm32cube.common.mx_6.15.0.202507011659/db/plugins/mcufinder/reactClient1/index.html
2025-11-30 15:40:31,781 [INFO] WebApp:191 - Connection restablished
2025-11-30 15:40:32,205 [INFO] UserAuth:487 - Internet connection configuration mode: 1
2025-11-30 17:27:56,586 [ERROR] LogOutputStream:75 - [STDERR_REDIRECT] 
